g++  -std=c++11 -Wall -g -fopenmp -I/global/homes/a/adiarc/gperftools/include  -c -o interact.o interact.cpp
CC -std=c++11 -Wall -g -fopenmp -I/global/homes/a/adiarc/gperftools/include sph.o params.o state.o binhash.o interact.o leapfrog.o io_txt.o -o sph.x -lm -L/global/homes/a/adiarc/gperftools/lib -lprofiler
Frame: 1 of 10 - 10.0%
Frame: 2 of 10 - 20.0%
Frame: 3 of 10 - 30.0%
Frame: 4 of 10 - 40.0%
Frame: 5 of 10 - 50.0%
Frame: 6 of 10 - 60.0%
Frame: 7 of 10 - 70.0%
Frame: 8 of 10 - 80.0%
Frame: 9 of 10 - 90.0%
Ran in 11.5768 seconds
Total: 1145 samples
     278  24.3%  24.3%      278  24.3% zm_part1by2
     195  17.0%  41.3%      482  42.1% update_forces
     147  12.8%  54.1%      147  12.8% vec3_len2
     127  11.1%  65.2%      203  17.7% update_density
      86   7.5%  72.8%       86   7.5% vec3_saxpy
      76   6.6%  79.4%       76   6.6% vec3_dist2
      70   6.1%  85.5%     1131  98.8% compute_accel
      46   4.0%  89.5%       46   4.0% vec3_diff
      37   3.2%  92.8%      334  29.2% particle_neighborhood
      36   3.1%  95.9%      401  35.0% compute_density
      21   1.8%  97.7%      299  26.1% zm_encode
       5   0.4%  98.2%        5   0.4% __ieee754_sqrtf
       5   0.4%  98.6%       13   1.1% std::sqrt
       4   0.3%  99.0%        4   0.3% check_state
       4   0.3%  99.3%        6   0.5% particle_bucket
       3   0.3%  99.6%        3   0.3% __sqrtf
       2   0.2%  99.7%        2   0.2% reflect_bc
       1   0.1%  99.8%        1   0.1% __GI___printf_fp_l
       1   0.1%  99.9%        9   0.8% leapfrog_step
       1   0.1% 100.0%        1   0.1% vec3_set
       0   0.0% 100.0%        1   0.1% __GI_fprintf
       0   0.0% 100.0%     1145 100.0% __libc_start_main
       0   0.0% 100.0%        1   0.1% __vfprintf_internal
       0   0.0% 100.0%     1145 100.0% _start
       0   0.0% 100.0%        6   0.5% hash_particles
       0   0.0% 100.0%     1145 100.0% main
       0   0.0% 100.0%        1   0.1% vec3_copy
       0   0.0% 100.0%        1   0.1% write_frame_data
